{
"contracts/BasicNft.sol":{"l":{"12":3,"16":22,"17":22,"21":0,"25":0},"path":"/home/anmol/programming/blockchain/nft-marketplace-fcc/contracts/BasicNft.sol","s":{"1":22,"2":0,"3":0},"b":{},"f":{"1":3,"2":22,"3":0,"4":0},"fnMap":{"1":{"name":"constructor","line":11,"loc":{"start":{"line":11,"column":6},"end":{"line":13,"column":6}}},"2":{"name":"mintNft","line":15,"loc":{"start":{"line":15,"column":6},"end":{"line":18,"column":6}}},"3":{"name":"tokenURI","line":20,"loc":{"start":{"line":20,"column":6},"end":{"line":22,"column":6}}},"4":{"name":"getCounter","line":24,"loc":{"start":{"line":24,"column":6},"end":{"line":26,"column":6}}}},"statementMap":{"1":{"start":{"line":16,"column":12},"end":{"line":16,"column":43}},"2":{"start":{"line":21,"column":12},"end":{"line":21,"column":28}},"3":{"start":{"line":25,"column":12},"end":{"line":25,"column":28}}},"branchMap":{}},
"contracts/NftMarketplace.sol":{"l":{"44":19,"45":19,"46":1,"48":18,"55":26,"56":3,"58":23,"62":13,"63":13,"64":3,"66":10,"86":17,"87":1,"92":16,"93":16,"95":15,"96":15,"103":6,"104":6,"105":1,"108":5,"109":5,"110":5,"111":5,"118":2,"119":2,"127":2,"128":2,"132":2,"133":2,"134":1,"135":1,"136":1,"137":0,"146":2,"153":4,"154":4},"path":"/home/anmol/programming/blockchain/nft-marketplace-fcc/contracts/NftMarketplace.sol","s":{"1":19,"2":19,"3":26,"4":13,"5":13,"6":17,"7":16,"8":16,"9":15,"10":6,"11":6,"12":5,"13":5,"14":2,"15":2,"16":2,"17":2,"18":1,"19":1,"20":2,"21":4,"22":4},"b":{"1":[1,18],"2":[3,23],"3":[3,10],"4":[18,1],"5":[17,1],"6":[1,16],"7":[1,15],"8":[7,0],"9":[6,1],"10":[1,5],"11":[3,1],"12":[2,1],"13":[3,1],"14":[2,1],"15":[2,0],"16":[1,1],"17":[0,1]},"f":{"1":19,"2":26,"3":13,"4":17,"5":6,"6":2,"7":2,"8":2,"9":2,"10":4},"fnMap":{"1":{"name":"notAlreadyListed","line":43,"loc":{"start":{"line":43,"column":4},"end":{"line":49,"column":4}}},"2":{"name":"isOwner","line":50,"loc":{"start":{"line":50,"column":4},"end":{"line":59,"column":4}}},"3":{"name":"isListed","line":61,"loc":{"start":{"line":61,"column":4},"end":{"line":67,"column":4}}},"4":{"name":"listItem","line":84,"loc":{"start":{"line":80,"column":4},"end":{"line":97,"column":4}}},"5":{"name":"buyItem","line":102,"loc":{"start":{"line":99,"column":4},"end":{"line":112,"column":4}}},"6":{"name":"cancelListing","line":117,"loc":{"start":{"line":114,"column":4},"end":{"line":120,"column":4}}},"7":{"name":"updateListing","line":126,"loc":{"start":{"line":122,"column":4},"end":{"line":129,"column":4}}},"8":{"name":"withdrawProceed","line":131,"loc":{"start":{"line":131,"column":4},"end":{"line":139,"column":4}}},"9":{"name":"getProceeds","line":145,"loc":{"start":{"line":145,"column":4},"end":{"line":147,"column":4}}},"10":{"name":"getListing","line":149,"loc":{"start":{"line":149,"column":4},"end":{"line":155,"column":4}}}},"statementMap":{"1":{"start":{"line":44,"column":8},"end":{"line":44,"column":64}},"2":{"start":{"line":45,"column":8},"end":{"line":45,"column":1617}},"3":{"start":{"line":55,"column":8},"end":{"line":55,"column":1853}},"4":{"start":{"line":62,"column":8},"end":{"line":62,"column":64}},"5":{"start":{"line":63,"column":8},"end":{"line":63,"column":2116}},"6":{"start":{"line":86,"column":8},"end":{"line":86,"column":2749}},"7":{"start":{"line":92,"column":8},"end":{"line":92,"column":67}},"8":{"start":{"line":93,"column":8},"end":{"line":93,"column":89}},"9":{"start":{"line":96,"column":8},"end":{"line":96,"column":63}},"10":{"start":{"line":103,"column":8},"end":{"line":103,"column":67}},"11":{"start":{"line":104,"column":8},"end":{"line":104,"column":3589}},"12":{"start":{"line":110,"column":8},"end":{"line":110,"column":83}},"13":{"start":{"line":111,"column":8},"end":{"line":111,"column":74}},"14":{"start":{"line":119,"column":8},"end":{"line":119,"column":58}},"15":{"start":{"line":128,"column":8},"end":{"line":128,"column":66}},"16":{"start":{"line":132,"column":8},"end":{"line":132,"column":47}},"17":{"start":{"line":133,"column":8},"end":{"line":133,"column":59}},"18":{"start":{"line":135,"column":8},"end":{"line":135,"column":70}},"19":{"start":{"line":136,"column":8},"end":{"line":136,"column":5155}},"20":{"start":{"line":146,"column":8},"end":{"line":146,"column":33}},"21":{"start":{"line":153,"column":8},"end":{"line":153,"column":64}},"22":{"start":{"line":154,"column":8},"end":{"line":154,"column":46}}},"branchMap":{"1":{"line":45,"type":"if","locations":[{"start":{"line":45,"column":8},"end":{"line":45,"column":8}},{"start":{"line":45,"column":8},"end":{"line":45,"column":8}}]},"2":{"line":55,"type":"if","locations":[{"start":{"line":55,"column":8},"end":{"line":55,"column":8}},{"start":{"line":55,"column":8},"end":{"line":55,"column":8}}]},"3":{"line":63,"type":"if","locations":[{"start":{"line":63,"column":8},"end":{"line":63,"column":8}},{"start":{"line":63,"column":8},"end":{"line":63,"column":8}}]},"4":{"line":84,"type":"if","locations":[{"start":{"line":84,"column":15},"end":{"line":84,"column":15}},{"start":{"line":84,"column":15},"end":{"line":84,"column":15}}]},"5":{"line":84,"type":"if","locations":[{"start":{"line":84,"column":53},"end":{"line":84,"column":53}},{"start":{"line":84,"column":53},"end":{"line":84,"column":53}}]},"6":{"line":86,"type":"if","locations":[{"start":{"line":86,"column":8},"end":{"line":86,"column":8}},{"start":{"line":86,"column":8},"end":{"line":86,"column":8}}]},"7":{"line":93,"type":"if","locations":[{"start":{"line":93,"column":8},"end":{"line":93,"column":8}},{"start":{"line":93,"column":8},"end":{"line":93,"column":8}}]},"8":{"line":102,"type":"if","locations":[{"start":{"line":102,"column":23},"end":{"line":102,"column":23}},{"start":{"line":102,"column":23},"end":{"line":102,"column":23}}]},"9":{"line":102,"type":"if","locations":[{"start":{"line":102,"column":36},"end":{"line":102,"column":36}},{"start":{"line":102,"column":36},"end":{"line":102,"column":36}}]},"10":{"line":104,"type":"if","locations":[{"start":{"line":104,"column":8},"end":{"line":104,"column":8}},{"start":{"line":104,"column":8},"end":{"line":104,"column":8}}]},"11":{"line":117,"type":"if","locations":[{"start":{"line":117,"column":15},"end":{"line":117,"column":15}},{"start":{"line":117,"column":15},"end":{"line":117,"column":15}}]},"12":{"line":117,"type":"if","locations":[{"start":{"line":117,"column":56},"end":{"line":117,"column":56}},{"start":{"line":117,"column":56},"end":{"line":117,"column":56}}]},"13":{"line":126,"type":"if","locations":[{"start":{"line":126,"column":15},"end":{"line":126,"column":15}},{"start":{"line":126,"column":15},"end":{"line":126,"column":15}}]},"14":{"line":126,"type":"if","locations":[{"start":{"line":126,"column":56},"end":{"line":126,"column":56}},{"start":{"line":126,"column":56},"end":{"line":126,"column":56}}]},"15":{"line":131,"type":"if","locations":[{"start":{"line":131,"column":40},"end":{"line":131,"column":40}},{"start":{"line":131,"column":40},"end":{"line":131,"column":40}}]},"16":{"line":133,"type":"if","locations":[{"start":{"line":133,"column":8},"end":{"line":133,"column":8}},{"start":{"line":133,"column":8},"end":{"line":133,"column":8}}]},"17":{"line":136,"type":"if","locations":[{"start":{"line":136,"column":8},"end":{"line":136,"column":8}},{"start":{"line":136,"column":8},"end":{"line":136,"column":8}}]}}}}
