TN:
SF:/home/anmol/programming/blockchain/nft-marketplace-fcc/contracts/BasicNft.sol
FN:11,constructor
FN:15,mintNft
FN:20,tokenURI
FN:24,getCounter
FNF:4
FNH:2
FNDA:3,constructor
FNDA:22,mintNft
FNDA:0,tokenURI
FNDA:0,getCounter
DA:12,3
DA:16,22
DA:17,22
DA:21,0
DA:25,0
LF:5
LH:3
BRF:0
BRH:0
end_of_record
TN:
SF:/home/anmol/programming/blockchain/nft-marketplace-fcc/contracts/NftMarketplace.sol
FN:43,notAlreadyListed
FN:50,isOwner
FN:61,isListed
FN:84,listItem
FN:102,buyItem
FN:117,cancelListing
FN:126,updateListing
FN:131,withdrawProceed
FN:145,getProceeds
FN:149,getListing
FNF:10
FNH:10
FNDA:19,notAlreadyListed
FNDA:26,isOwner
FNDA:13,isListed
FNDA:17,listItem
FNDA:6,buyItem
FNDA:2,cancelListing
FNDA:2,updateListing
FNDA:2,withdrawProceed
FNDA:2,getProceeds
FNDA:4,getListing
DA:44,19
DA:45,19
DA:46,1
DA:48,18
DA:55,26
DA:56,3
DA:58,23
DA:62,13
DA:63,13
DA:64,3
DA:66,10
DA:86,17
DA:87,1
DA:92,16
DA:93,16
DA:95,15
DA:96,15
DA:103,6
DA:104,6
DA:105,1
DA:108,5
DA:109,5
DA:110,5
DA:111,5
DA:118,2
DA:119,2
DA:127,2
DA:128,2
DA:132,2
DA:133,2
DA:134,1
DA:135,1
DA:136,1
DA:137,0
DA:146,2
DA:153,4
DA:154,4
LF:37
LH:36
BRDA:45,1,0,1
BRDA:45,1,1,18
BRDA:55,2,0,3
BRDA:55,2,1,23
BRDA:63,3,0,3
BRDA:63,3,1,10
BRDA:84,4,0,18
BRDA:84,4,1,1
BRDA:84,5,0,17
BRDA:84,5,1,1
BRDA:86,6,0,1
BRDA:86,6,1,16
BRDA:93,7,0,1
BRDA:93,7,1,15
BRDA:102,8,0,7
BRDA:102,8,1,0
BRDA:102,9,0,6
BRDA:102,9,1,1
BRDA:104,10,0,1
BRDA:104,10,1,5
BRDA:117,11,0,3
BRDA:117,11,1,1
BRDA:117,12,0,2
BRDA:117,12,1,1
BRDA:126,13,0,3
BRDA:126,13,1,1
BRDA:126,14,0,2
BRDA:126,14,1,1
BRDA:131,15,0,2
BRDA:131,15,1,0
BRDA:133,16,0,1
BRDA:133,16,1,1
BRDA:136,17,0,0
BRDA:136,17,1,1
BRF:34
BRH:31
end_of_record
